<?xml version="1.0" encoding="UTF-8"?>
<testng-results ignored="0" total="1" passed="1" failed="0" skipped="0">
  <reporter-output>
  </reporter-output>
  <suite started-at="2026-02-06T12:45:30 IST" name="Default suite" finished-at="2026-02-06T12:45:37 IST" duration-ms="7449">
    <groups>
    </groups>
    <test started-at="2026-02-06T12:45:30 IST" name="Default test" finished-at="2026-02-06T12:45:37 IST" duration-ms="7449">
      <class name="Test.LoginTest">
        <test-method is-config="true" signature="Setup()[pri:0, instance:Test.LoginTest@702657cc]" started-at="2026-02-06T12:45:07 IST" name="Setup" finished-at="2026-02-06T12:45:30 IST" duration-ms="22964" status="PASS">
          <reporter-output>
          </reporter-output>
        </test-method> <!-- Setup -->
        <test-method signature="SucLogin_test()[pri:0, instance:Test.LoginTest@702657cc]" started-at="2026-02-06T12:45:30 IST" name="SucLogin_test" finished-at="2026-02-06T12:45:37 IST" duration-ms="7392" status="PASS">
          <reporter-output>
          </reporter-output>
        </test-method> <!-- SucLogin_test -->
        <test-method is-config="true" signature="closure()[pri:0, instance:Test.LoginTest@702657cc]" started-at="2026-02-06T12:45:38 IST" name="closure" finished-at="2026-02-06T12:45:38 IST" duration-ms="1" status="PASS">
          <reporter-output>
          </reporter-output>
        </test-method> <!-- closure -->
      </class> <!-- Test.LoginTest -->
    </test> <!-- Default test -->
  </suite> <!-- Default suite -->
</testng-results>
